<?xml version="1.0" encoding="UTF-8"?>
<!-- Generated by org.testng.reporters.JUnitXMLReporter -->
<testsuite hostname="0753-0883" ignored="0" name="chromeTest" tests="2" failures="0" timestamp="2022-05-11T19:14:24 IST" time="126.384" errors="0">
  <testcase name="TC_GCodes_Login" time="28.319" classname="com.GCodes.TestCases.TC_GCodesLogin_001"/>
  <testcase name="TC_GCodes_LoginValidations" time="46.487" classname="com.GCodes.TestCases.TC_Login_Validations_002"/>
</testsuite> <!-- chromeTest -->
