<?xml version="1.0" encoding="UTF-8"?>
<!-- Generated by org.testng.reporters.JUnitXMLReporter -->
<testsuite hostname="0753-0883" ignored="0" name="MsEdgeTest" tests="2" failures="0" timestamp="2022-05-11T19:14:25 IST" time="126.618" errors="0">
  <testcase name="TC_GCodes_Login" time="29.15" classname="com.GCodes.TestCases.TC_GCodesLogin_001"/>
  <testcase name="TC_GCodes_LoginValidations" time="64.567" classname="com.GCodes.TestCases.TC_Login_Validations_002"/>
</testsuite> <!-- MsEdgeTest -->
