<?xml version="1.0" encoding="UTF-8"?>
<!-- Generated by org.testng.reporters.JUnitXMLReporter -->
<testsuite hostname="0753-0883" ignored="0" name="Test" tests="1" failures="1" timestamp="2021-12-28T16:37:46 IST" time="56.974" errors="0">
  <testcase name="giveAward" time="48.477" classname="com.GCodes.TestCases.TC_GiveAwardTest_002">
    <failure type="java.lang.AssertionError" message="expected [true] but found [false]">
      <![CDATA[java.lang.AssertionError: expected [true] but found [false]
at com.GCodes.TestCases.TC_GiveAwardTest_002.giveAward(TC_GiveAwardTest_002.java:91)
at java.util.ArrayList.forEach(ArrayList.java:1259)
... Removed 31 stack frames]]>
    </failure>
  </testcase> <!-- giveAward -->
</testsuite> <!-- Test -->
