<?xml version="1.0" encoding="UTF-8"?>
<!-- Generated by org.testng.reporters.JUnitXMLReporter -->
<testsuite hostname="0753-0883" ignored="0" name="Test" tests="5" failures="0" timestamp="2022-02-01T16:22:01 IST" time="129.155" errors="0">
  <testcase name="TC_GCodes_Login_001" time="21.888" classname="com.GCodes.TestCases.TC_GCodesLogin_001"/>
  <testcase name="TC_GCodes_LoginValidations_002" time="40.376" classname="com.GCodes.TestCases.TC_Login_Validations_002"/>
  <testcase name="TC_Invalid_Wallet_003" time="35.622" classname="com.GCodes.TestCases.TC_Wallet_003"/>
  <testcase name="TC_Invalid_Wallet_004" time="10.3" classname="com.GCodes.TestCases.TC_Wallet_003"/>
  <testcase name="TC_Invalid_Wallet_005" time="9.11" classname="com.GCodes.TestCases.TC_Wallet_003"/>
</testsuite> <!-- Test -->
