<?xml version="1.0" encoding="UTF-8"?>
<!-- Generated by org.testng.reporters.JUnitXMLReporter -->
<testsuite hostname="0753-0883" ignored="0" name="Test" tests="8" failures="0" timestamp="2022-04-18T18:14:23 IST" time="237.664" errors="0">
  <testcase name="TC_GCodes_Login" time="15.699" classname="com.GCodes.TestCases.TC_GCodesLogin_001"/>
  <testcase name="TC_GCodes_LoginValidations" time="18.392" classname="com.GCodes.TestCases.TC_Login_Validations_002"/>
  <testcase name="TC_Invalid_Wallet" time="17.895" classname="com.GCodes.TestCases.TC_Wallet_003"/>
  <testcase name="TC_CartAddRemove" time="54.691" classname="com.GCodes.TestCases.TC_Cart_validation_004"/>
  <testcase name="TC_EmptyFile_validation" time="20.068" classname="com.GCodes.TestCases.TC_Issuance_Importer_005"/>
  <testcase name="TC_Invalid_Import_InvalidFile" time="21.894" classname="com.GCodes.TestCases.TC_Issuance_Importer_005"/>
  <testcase name="Valid_ImportTest" time="46.93" classname="com.GCodes.TestCases.TC_Issuance_Importer_005"/>
  <testcase name="TC_SendCode" time="21.072" classname="com.GCodes.TestCases.TC_SendCode_006"/>
</testsuite> <!-- Test -->
