<?xml version="1.0" encoding="UTF-8"?>
<!-- Generated by org.testng.reporters.JUnitXMLReporter -->
<testsuite hostname="0753-0883" ignored="0" name="Test" tests="2" failures="0" timestamp="2022-01-27T15:28:18 IST" time="40.311" errors="0">
  <testcase name="TC_EvergrowLogin_001" time="9.864" classname="com.GCodes.TestCases.TC_GCodesLogin_001$TC_EvergrowLogin_001"/>
  <testcase name="login_Validations" time="12.16" classname="com.GCodes.TestCases.TC_Login_Validations_002"/>
</testsuite> <!-- Test -->
