<?xml version="1.0" encoding="UTF-8"?>
<!-- Generated by org.testng.reporters.JUnitXMLReporter -->
<testsuite hostname="0753-0883" ignored="0" name="Test" tests="6" failures="0" timestamp="2022-02-04T19:55:21 IST" time="0.426" errors="0">
  <testcase name="@BeforeMethod Setup" time="0.051" classname="com.GCodes.TestCases.BaseClass">
    <failure type="java.lang.NullPointerException">
      <![CDATA[java.lang.NullPointerException
at com.GCodes.TestCases.BaseClass.Setup(BaseClass.java:56)
at java.util.concurrent.ThreadPoolExecutor.runWorker(ThreadPoolExecutor.java:1149)
at java.util.concurrent.ThreadPoolExecutor$Worker.run(ThreadPoolExecutor.java:624)
at java.lang.Thread.run(Thread.java:748)
... Removed 16 stack frames]]>
    </failure>
  </testcase> <!-- @BeforeMethod Setup -->
  <testcase name="@AfterMethod teardown" time="-1.643984721252E9" classname="com.GCodes.TestCases.BaseClass">
    <skipped/>
  </testcase> <!-- @AfterMethod teardown -->
  <testcase name="@BeforeMethod Setup" time="0.009" classname="com.GCodes.TestCases.BaseClass">
    <failure type="java.lang.NullPointerException">
      <![CDATA[java.lang.NullPointerException
at com.GCodes.TestCases.BaseClass.Setup(BaseClass.java:56)
at java.util.concurrent.ThreadPoolExecutor.runWorker(ThreadPoolExecutor.java:1149)
at java.util.concurrent.ThreadPoolExecutor$Worker.run(ThreadPoolExecutor.java:624)
at java.lang.Thread.run(Thread.java:748)
... Removed 16 stack frames]]>
    </failure>
  </testcase> <!-- @BeforeMethod Setup -->
  <testcase name="@AfterMethod teardown" time="-1.643984721279E9" classname="com.GCodes.TestCases.BaseClass">
    <skipped/>
  </testcase> <!-- @AfterMethod teardown -->
  <testcase name="@BeforeMethod Setup" time="0.008" classname="com.GCodes.TestCases.BaseClass">
    <failure type="java.lang.NullPointerException">
      <![CDATA[java.lang.NullPointerException
at com.GCodes.TestCases.BaseClass.Setup(BaseClass.java:56)
at java.util.concurrent.ThreadPoolExecutor.runWorker(ThreadPoolExecutor.java:1149)
at java.util.concurrent.ThreadPoolExecutor$Worker.run(ThreadPoolExecutor.java:624)
at java.lang.Thread.run(Thread.java:748)
... Removed 16 stack frames]]>
    </failure>
  </testcase> <!-- @BeforeMethod Setup -->
  <testcase name="@AfterMethod teardown" time="-1.643984721299E9" classname="com.GCodes.TestCases.BaseClass">
    <skipped/>
  </testcase> <!-- @AfterMethod teardown -->
  <testcase name="@BeforeMethod Setup" time="-1.643984721303E9" classname="com.GCodes.TestCases.BaseClass">
    <skipped/>
  </testcase> <!-- @BeforeMethod Setup -->
  <testcase name="@AfterMethod teardown" time="-1.64398472131E9" classname="com.GCodes.TestCases.BaseClass">
    <skipped/>
  </testcase> <!-- @AfterMethod teardown -->
  <testcase name="@BeforeMethod Setup" time="-1.643984721313E9" classname="com.GCodes.TestCases.BaseClass">
    <skipped/>
  </testcase> <!-- @BeforeMethod Setup -->
  <testcase name="@AfterMethod teardown" time="-1.643984721319E9" classname="com.GCodes.TestCases.BaseClass">
    <skipped/>
  </testcase> <!-- @AfterMethod teardown -->
  <testcase name="@BeforeMethod Setup" time="0.016" classname="com.GCodes.TestCases.BaseClass">
    <failure type="java.lang.NullPointerException">
      <![CDATA[java.lang.NullPointerException
at com.GCodes.TestCases.BaseClass.Setup(BaseClass.java:56)
at java.util.concurrent.ThreadPoolExecutor.runWorker(ThreadPoolExecutor.java:1149)
at java.util.concurrent.ThreadPoolExecutor$Worker.run(ThreadPoolExecutor.java:624)
at java.lang.Thread.run(Thread.java:748)
... Removed 16 stack frames]]>
    </failure>
  </testcase> <!-- @BeforeMethod Setup -->
  <testcase name="@AfterMethod teardown" time="-1.643984721352E9" classname="com.GCodes.TestCases.BaseClass">
    <skipped/>
  </testcase> <!-- @AfterMethod teardown -->
  <testcase name="TC_GCodes_Login_001" time="0.0" classname="com.GCodes.TestCases.TC_GCodesLogin_001">
    <skipped/>
  </testcase> <!-- TC_GCodes_Login_001 -->
  <testcase name="TC_GCodes_LoginValidations_002" time="0.0" classname="com.GCodes.TestCases.TC_Login_Validations_002">
    <skipped/>
  </testcase> <!-- TC_GCodes_LoginValidations_002 -->
  <testcase name="TC_Invalid_Wallet_003" time="0.0" classname="com.GCodes.TestCases.TC_Wallet_003">
    <skipped/>
  </testcase> <!-- TC_Invalid_Wallet_003 -->
  <testcase name="TC_Invalid_Wallet_004" time="0.0" classname="com.GCodes.TestCases.TC_Wallet_003">
    <skipped/>
  </testcase> <!-- TC_Invalid_Wallet_004 -->
  <testcase name="TC_Invalid_Wallet_005" time="0.0" classname="com.GCodes.TestCases.TC_Wallet_003">
    <skipped/>
  </testcase> <!-- TC_Invalid_Wallet_005 -->
  <testcase name="TC_CartAddRemove" time="0.0" classname="com.GCodes.TestCases.TC_Cart_validation_004">
    <skipped/>
  </testcase> <!-- TC_CartAddRemove -->
</testsuite> <!-- Test -->
