<?xml version="1.0" encoding="UTF-8"?>
<!-- Generated by org.testng.reporters.JUnitXMLReporter -->
<testsuite hostname="0753-0883" ignored="0" name="Test" tests="6" failures="0" timestamp="2022-02-15T13:56:54 IST" time="195.414" errors="0">
  <testcase name="TC_GCodes_Login_001" time="19.381" classname="com.GCodes.TestCases.TC_GCodesLogin_001"/>
  <testcase name="TC_GCodes_LoginValidations_002" time="24.691" classname="com.GCodes.TestCases.TC_Login_Validations_002"/>
  <testcase name="TC_Invalid_Wallet_003" time="18.608" classname="com.GCodes.TestCases.TC_Wallet_003"/>
  <testcase name="TC_Invalid_Wallet_004" time="10.406" classname="com.GCodes.TestCases.TC_Wallet_003"/>
  <testcase name="TC_Invalid_Wallet_005" time="14.054" classname="com.GCodes.TestCases.TC_Wallet_003"/>
  <testcase name="TC_CartAddRemove" time="54.865" classname="com.GCodes.TestCases.TC_Cart_validation_004"/>
</testsuite> <!-- Test -->
