<?xml version="1.0" encoding="UTF-8"?>
<!-- Generated by org.testng.reporters.JUnitXMLReporter -->
<testsuite hostname="0753-0883" ignored="0" name="Test" tests="6" failures="0" timestamp="2022-02-04T19:20:44 IST" time="183.761" errors="0">
  <testcase name="TC_GCodes_Login_001" time="21.311" classname="com.GCodes.TestCases.TC_GCodesLogin_001"/>
  <testcase name="TC_GCodes_LoginValidations_002" time="20.576" classname="com.GCodes.TestCases.TC_Login_Validations_002"/>
  <testcase name="TC_Invalid_Wallet_003" time="28.343" classname="com.GCodes.TestCases.TC_Wallet_003"/>
  <testcase name="TC_Invalid_Wallet_004" time="12.298" classname="com.GCodes.TestCases.TC_Wallet_003"/>
  <testcase name="TC_Invalid_Wallet_005" time="11.952" classname="com.GCodes.TestCases.TC_Wallet_003"/>
  <testcase name="TC_CartAddRemove" time="67.723" classname="com.GCodes.TestCases.TC_Cart_validation_004"/>
</testsuite> <!-- Test -->
