<?xml version="1.0" encoding="UTF-8"?>
<!-- Generated by org.testng.reporters.JUnitXMLReporter -->
<testsuite hostname="0753-0883" ignored="0" name="Test" tests="8" failures="0" timestamp="2022-04-07T21:40:33 IST" time="123.965" errors="0">
  <testcase name="TC_Invalid_Wallet" time="57.552" classname="com.GCodes.TestCases.TC_Wallet_003"/>
  <testcase name="TC_GCodes_Login" time="57.704" classname="com.GCodes.TestCases.TC_GCodesLogin_001"/>
  <testcase name="Valid_ImportTest" time="70.123" classname="com.GCodes.TestCases.TC_Issuance_Importer_005"/>
  <testcase name="TC_EmptyFile_validation" time="75.569" classname="com.GCodes.TestCases.TC_Issuance_Importer_005"/>
  <testcase name="TC_GCodes_LoginValidations" time="77.385" classname="com.GCodes.TestCases.TC_Login_Validations_002"/>
  <testcase name="TC_Invalid_Import_InvalidFile" time="83.225" classname="com.GCodes.TestCases.TC_Issuance_Importer_005"/>
  <testcase name="TC_SendCode" time="22.857" classname="com.GCodes.TestCases.TC_SendCode_006"/>
  <testcase name="TC_CartAddRemove" time="112.448" classname="com.GCodes.TestCases.TC_Cart_validation_004"/>
</testsuite> <!-- Test -->
