<?xml version="1.0" encoding="UTF-8"?>
<!-- Generated by org.testng.reporters.JUnitXMLReporter -->
<testsuite hostname="0753-0883" ignored="0" name="Test" tests="6" failures="1" timestamp="2022-02-04T16:03:53 IST" time="168.038" errors="0">
  <testcase name="TC_GCodes_Login_001" time="17.665" classname="com.GCodes.TestCases.TC_GCodesLogin_001"/>
  <testcase name="TC_GCodes_LoginValidations_002" time="24.813" classname="com.GCodes.TestCases.TC_Login_Validations_002"/>
  <testcase name="TC_Invalid_Wallet_003" time="19.368" classname="com.GCodes.TestCases.TC_Wallet_003"/>
  <testcase name="TC_Invalid_Wallet_004" time="12.042" classname="com.GCodes.TestCases.TC_Wallet_003"/>
  <testcase name="TC_Invalid_Wallet_005" time="11.687" classname="com.GCodes.TestCases.TC_Wallet_003"/>
  <testcase name="TC_CartAddRemove" time="60.901" classname="com.GCodes.TestCases.TC_Cart_validation_004">
    <failure type="org.openqa.selenium.TimeoutException" message="Expected condition failed: waiting for visibility of [[EdgeDriver: msedge on WINDOWS (b194b597d02826ad2ca12ac38c549e38)] -&amp;gt; xpath: //*[@class=&amp;quot;mt-0 mb-md text-center&amp;quot;]] (tried for 20 second(s) with 500 milliseconds interval)
Build info: version: &amp;apos;3.141.59&amp;apos;, revision: &amp;apos;e82be7d358&amp;apos;, time: &amp;apos;2018-11-14T08:17:03&amp;apos;
System info: host: &amp;apos;0753-0883&amp;apos;, ip: &amp;apos;10.69.68.222&amp;apos;, os.name: &amp;apos;Windows 8.1&amp;apos;, os.arch: &amp;apos;amd64&amp;apos;, os.version: &amp;apos;6.3&amp;apos;, java.version: &amp;apos;1.8.0_311&amp;apos;
Driver info: org.openqa.selenium.edge.EdgeDriver
Capabilities {acceptInsecureCerts: false, browserName: msedge, browserVersion: 98.0.1108.43, javascriptEnabled: true, ms:edgeOptions: {debuggerAddress: localhost:64578}, msedge: {msedgedriverVersion: 98.0.1108.43 (291a4aac9d385..., userDataDir: C:\Users\admin\AppData\Loca...}, networkConnectionEnabled: false, pageLoadStrategy: normal, platform: WINDOWS, platformName: WINDOWS, proxy: Proxy(), setWindowRect: true, strictFileInteractability: false, timeouts: {implicit: 0, pageLoad: 300000, script: 30000}, unhandledPromptBehavior: dismiss and notify, webauthn:extension:credBlob: true, webauthn:extension:largeBlob: true, webauthn:virtualAuthenticators: true}
Session ID: b194b597d02826ad2ca12ac38c549e38">
      <![CDATA[org.openqa.selenium.TimeoutException: Expected condition failed: waiting for visibility of [[EdgeDriver: msedge on WINDOWS (b194b597d02826ad2ca12ac38c549e38)] -> xpath: //*[@class="mt-0 mb-md text-center"]] (tried for 20 second(s) with 500 milliseconds interval)
Build info: version: '3.141.59', revision: 'e82be7d358', time: '2018-11-14T08:17:03'
System info: host: '0753-0883', ip: '10.69.68.222', os.name: 'Windows 8.1', os.arch: 'amd64', os.version: '6.3', java.version: '1.8.0_311'
Driver info: org.openqa.selenium.edge.EdgeDriver
Capabilities {acceptInsecureCerts: false, browserName: msedge, browserVersion: 98.0.1108.43, javascriptEnabled: true, ms:edgeOptions: {debuggerAddress: localhost:64578}, msedge: {msedgedriverVersion: 98.0.1108.43 (291a4aac9d385..., userDataDir: C:\Users\admin\AppData\Loca...}, networkConnectionEnabled: false, pageLoadStrategy: normal, platform: WINDOWS, platformName: WINDOWS, proxy: Proxy(), setWindowRect: true, strictFileInteractability: false, timeouts: {implicit: 0, pageLoad: 300000, script: 30000}, unhandledPromptBehavior: dismiss and notify, webauthn:extension:credBlob: true, webauthn:extension:largeBlob: true, webauthn:virtualAuthenticators: true}
Session ID: b194b597d02826ad2ca12ac38c549e38
at org.openqa.selenium.support.ui.WebDriverWait.timeoutException(WebDriverWait.java:95)
at org.openqa.selenium.support.ui.FluentWait.until(FluentWait.java:272)
at com.GCodes.utilities.LibraryUtils.waiForElementToBeVisible(LibraryUtils.java:14)
at com.GCodes.TestCases.TC_Cart_validation_004.TC_CartAddRemove(TC_Cart_validation_004.java:52)
at java.util.concurrent.ThreadPoolExecutor.runWorker(ThreadPoolExecutor.java:1149)
at java.util.concurrent.ThreadPoolExecutor$Worker.run(ThreadPoolExecutor.java:624)
at java.lang.Thread.run(Thread.java:748)
... Removed 12 stack frames]]>
    </failure>
  </testcase> <!-- TC_CartAddRemove -->
</testsuite> <!-- Test -->
