<?xml version="1.0" encoding="UTF-8"?>
<!-- Generated by org.testng.reporters.JUnitXMLReporter -->
<testsuite hostname="0753-0883" ignored="0" name="Test" tests="7" failures="0" timestamp="2022-03-28T14:55:40 IST" time="121.244" errors="0">
  <testcase name="TC_GCodes_Login" time="22.006" classname="com.GCodes.TestCases.TC_GCodesLogin_001"/>
  <testcase name="TC_Invalid_Wallet" time="25.122" classname="com.GCodes.TestCases.TC_Wallet_003"/>
  <testcase name="TC_GCodes_LoginValidations" time="26.904" classname="com.GCodes.TestCases.TC_Login_Validations_002"/>
  <testcase name="TC_EmptyFile_validation" time="41.695" classname="com.GCodes.TestCases.TC_Issuance_Importer_005"/>
  <testcase name="TC_Invalid_Import_InvalidFile" time="44.116" classname="com.GCodes.TestCases.TC_Issuance_Importer_005"/>
  <testcase name="TC_CartAddRemove" time="81.915" classname="com.GCodes.TestCases.TC_Cart_validation_004"/>
  <testcase name="Valid_ImportTest" time="41.646" classname="com.GCodes.TestCases.TC_Issuance_Importer_005"/>
</testsuite> <!-- Test -->
