<?xml version="1.0" encoding="UTF-8"?>
<!-- Generated by org.testng.reporters.JUnitXMLReporter -->
<testsuite hostname="0753-0883" ignored="0" name="Test" tests="7" failures="0" timestamp="2022-03-11T20:46:32 IST" time="132.889" errors="0">
  <testcase name="TC_GCodes_Login" time="77.396" classname="com.GCodes.TestCases.TC_GCodesLogin_001"/>
  <testcase name="TC_EmptyFile_validation" time="85.753" classname="com.GCodes.TestCases.TC_Issuance_Importer_005"/>
  <testcase name="TC_Invalid_Wallet" time="86.711" classname="com.GCodes.TestCases.TC_Wallet_003"/>
  <testcase name="TC_GCodes_LoginValidations" time="88.449" classname="com.GCodes.TestCases.TC_Login_Validations_002"/>
  <testcase name="TC_Invalid_Import_InvalidFile" time="95.186" classname="com.GCodes.TestCases.TC_Issuance_Importer_005"/>
  <testcase name="Valid_ImportTest" time="111.4" classname="com.GCodes.TestCases.TC_Issuance_Importer_005"/>
  <testcase name="TC_CartAddRemove" time="124.886" classname="com.GCodes.TestCases.TC_Cart_validation_004"/>
</testsuite> <!-- Test -->
