<?xml version="1.0" encoding="UTF-8"?>
<!-- Generated by org.testng.reporters.JUnitXMLReporter -->
<testsuite hostname="0753-0883" ignored="0" name="Test" tests="1" failures="1" timestamp="2022-02-18T20:23:05 IST" time="36.733" errors="0">
  <testcase name="TC_CartAddRemove" time="27.766" classname="com.GCodes.TestCases.TC_Cart_validation_004">
    <failure type="org.openqa.selenium.ElementNotInteractableException" message="Element &amp;lt;a class=&amp;quot;cart-remove&amp;quot; href=&amp;quot;/storefront/cart&amp;quot;&amp;gt; could not be scrolled into view
Build info: version: &amp;apos;3.141.59&amp;apos;, revision: &amp;apos;e82be7d358&amp;apos;, time: &amp;apos;2018-11-14T08:17:03&amp;apos;
System info: host: &amp;apos;0753-0883&amp;apos;, ip: &amp;apos;10.69.68.222&amp;apos;, os.name: &amp;apos;Windows 8.1&amp;apos;, os.arch: &amp;apos;amd64&amp;apos;, os.version: &amp;apos;6.3&amp;apos;, java.version: &amp;apos;1.8.0_311&amp;apos;
Driver info: org.openqa.selenium.firefox.FirefoxDriver
Capabilities {acceptInsecureCerts: true, browserName: firefox, browserVersion: 97.0, javascriptEnabled: true, moz:accessibilityChecks: false, moz:buildID: 20220202182137, moz:geckodriverVersion: 0.30.0, moz:headless: false, moz:processID: 15956, moz:profile: C:\Users\admin\AppData\Loca..., moz:shutdownTimeout: 60000, moz:useNonSpecCompliantPointerOrigin: false, moz:webdriverClick: true, pageLoadStrategy: normal, platform: WINDOWS, platformName: WINDOWS, platformVersion: 6.3, proxy: Proxy(), setWindowRect: true, strictFileInteractability: false, timeouts: {implicit: 0, pageLoad: 300000, script: 30000}, unhandledPromptBehavior: dismiss and notify}
Session ID: b1026d52-d7a2-4b8d-b6f0-fa0e6c373ea6">
      <![CDATA[org.openqa.selenium.ElementNotInteractableException: Element <a class="cart-remove" href="/storefront/cart"> could not be scrolled into view
Build info: version: '3.141.59', revision: 'e82be7d358', time: '2018-11-14T08:17:03'
System info: host: '0753-0883', ip: '10.69.68.222', os.name: 'Windows 8.1', os.arch: 'amd64', os.version: '6.3', java.version: '1.8.0_311'
Driver info: org.openqa.selenium.firefox.FirefoxDriver
Capabilities {acceptInsecureCerts: true, browserName: firefox, browserVersion: 97.0, javascriptEnabled: true, moz:accessibilityChecks: false, moz:buildID: 20220202182137, moz:geckodriverVersion: 0.30.0, moz:headless: false, moz:processID: 15956, moz:profile: C:\Users\admin\AppData\Loca..., moz:shutdownTimeout: 60000, moz:useNonSpecCompliantPointerOrigin: false, moz:webdriverClick: true, pageLoadStrategy: normal, platform: WINDOWS, platformName: WINDOWS, platformVersion: 6.3, proxy: Proxy(), setWindowRect: true, strictFileInteractability: false, timeouts: {implicit: 0, pageLoad: 300000, script: 30000}, unhandledPromptBehavior: dismiss and notify}
Session ID: b1026d52-d7a2-4b8d-b6f0-fa0e6c373ea6
at org.openqa.selenium.remote.http.W3CHttpResponseCodec.createException(W3CHttpResponseCodec.java:187)
at org.openqa.selenium.remote.http.W3CHttpResponseCodec.decode(W3CHttpResponseCodec.java:122)
at org.openqa.selenium.remote.http.W3CHttpResponseCodec.decode(W3CHttpResponseCodec.java:49)
at org.openqa.selenium.remote.HttpCommandExecutor.execute(HttpCommandExecutor.java:158)
at org.openqa.selenium.remote.service.DriverCommandExecutor.execute(DriverCommandExecutor.java:83)
at org.openqa.selenium.remote.RemoteWebDriver.execute(RemoteWebDriver.java:552)
at org.openqa.selenium.remote.RemoteWebElement.execute(RemoteWebElement.java:285)
at org.openqa.selenium.remote.RemoteWebElement.click(RemoteWebElement.java:84)
at org.openqa.selenium.support.pagefactory.internal.LocatingElementHandler.invoke(LocatingElementHandler.java:51)
at com.sun.proxy.$Proxy9.click(Unknown Source)
at com.GCodes.pageObjects.Cart.cartRemove(Cart.java:147)
at com.GCodes.TestCases.TC_Cart_validation_004.TC_CartAddRemove(TC_Cart_validation_004.java:53)
at java.util.concurrent.ThreadPoolExecutor.runWorker(ThreadPoolExecutor.java:1149)
at java.util.concurrent.ThreadPoolExecutor$Worker.run(ThreadPoolExecutor.java:624)
at java.lang.Thread.run(Thread.java:748)
... Removed 20 stack frames]]>
    </failure>
  </testcase> <!-- TC_CartAddRemove -->
</testsuite> <!-- Test -->
