<?xml version="1.0" encoding="UTF-8"?>
<!-- Generated by org.testng.reporters.JUnitXMLReporter -->
<testsuite hostname="0753-0883" ignored="0" name="Test" tests="6" failures="0" timestamp="2022-03-10T16:56:45 IST" time="118.896" errors="0">
  <testcase name="TC_GCodes_Login_001" time="24.393" classname="com.GCodes.TestCases.TC_GCodesLogin_001"/>
  <testcase name="TC_Invalid_Wallet_003" time="28.195" classname="com.GCodes.TestCases.TC_Wallet_003"/>
  <testcase name="TC_GCodes_LoginValidations_002" time="33.185" classname="com.GCodes.TestCases.TC_Login_Validations_002"/>
  <testcase name="TC_Invalid_Wallet_005" time="17.415" classname="com.GCodes.TestCases.TC_Wallet_003"/>
  <testcase name="TC_Import_InvalidFile" time="41.204" classname="com.GCodes.TestCases.TC_Issuance_Importer_005"/>
  <testcase name="TC_CartAddRemove" time="82.578" classname="com.GCodes.TestCases.TC_Cart_validation_004"/>
</testsuite> <!-- Test -->
