<?xml version="1.0" encoding="UTF-8"?>
<!-- Generated by org.testng.reporters.JUnitXMLReporter -->
<testsuite hostname="0753-0883" ignored="0" name="Test" tests="2" failures="0" timestamp="2022-01-27T16:52:56 IST" time="48.12" errors="0">
  <testcase name="TC_EvergrowLogin_001" time="9.896" classname="com.GCodes.TestCases.TC_GCodesLogin_001$TC_EvergrowLogin_001"/>
  <testcase name="login_Validations" time="12.188" classname="com.GCodes.TestCases.TC_Login_Validations_002"/>
</testsuite> <!-- Test -->
