<?xml version="1.0" encoding="UTF-8"?>
<testng-results skipped="0" failed="0" ignored="0" total="1" passed="1">
  <reporter-output>
  </reporter-output>
  <suite name="Suite" duration-ms="19934" started-at="2022-04-18T22:14:47 IST" finished-at="2022-04-18T22:15:07 IST">
    <groups>
    </groups>
    <test name="Test" duration-ms="19934" started-at="2022-04-18T22:14:47 IST" finished-at="2022-04-18T22:15:07 IST">
      <class name="com.GCodes.TestCases.TC_GCodesLogin_001">
        <test-method status="PASS" signature="Setup(java.lang.String)[pri:0, instance:com.GCodes.TestCases.TC_GCodesLogin_001@77ec78b9]" name="Setup" is-config="true" duration-ms="2554" started-at="2022-04-18T22:14:47 IST" finished-at="2022-04-18T22:14:50 IST">
          <params>
            <param index="0">
              <value>
                <![CDATA[chrome]]>
              </value>
            </param>
          </params>
          <reporter-output>
          </reporter-output>
        </test-method> <!-- Setup -->
        <test-method status="PASS" signature="TC_GCodes_Login()[pri:0, instance:com.GCodes.TestCases.TC_GCodesLogin_001@77ec78b9]" name="TC_GCodes_Login" duration-ms="16430" started-at="2022-04-18T22:14:50 IST" finished-at="2022-04-18T22:15:06 IST">
          <reporter-output>
          </reporter-output>
        </test-method> <!-- TC_GCodes_Login -->
        <test-method status="PASS" signature="teardown()[pri:0, instance:com.GCodes.TestCases.TC_GCodesLogin_001@77ec78b9]" name="teardown" is-config="true" duration-ms="769" started-at="2022-04-18T22:15:06 IST" finished-at="2022-04-18T22:15:07 IST">
          <reporter-output>
          </reporter-output>
        </test-method> <!-- teardown -->
      </class> <!-- com.GCodes.TestCases.TC_GCodesLogin_001 -->
    </test> <!-- Test -->
  </suite> <!-- Suite -->
</testng-results>
