<?xml version="1.0" encoding="UTF-8"?>
<testng-results skipped="0" failed="0" ignored="0" total="8" passed="8">
  <reporter-output>
  </reporter-output>
  <suite name="Suite" duration-ms="237664" started-at="2022-04-18T18:10:25 IST" finished-at="2022-04-18T18:14:23 IST">
    <groups>
    </groups>
    <test name="Test" duration-ms="237664" started-at="2022-04-18T18:10:25 IST" finished-at="2022-04-18T18:14:23 IST">
      <class name="com.GCodes.TestCases.TC_GCodesLogin_001">
        <test-method status="PASS" signature="Setup(java.lang.String)[pri:0, instance:com.GCodes.TestCases.TC_GCodesLogin_001@5123a213]" name="Setup" is-config="true" duration-ms="2476" started-at="2022-04-18T18:10:25 IST" finished-at="2022-04-18T18:10:28 IST">
          <params>
            <param index="0">
              <value>
                <![CDATA[chrome]]>
              </value>
            </param>
          </params>
          <reporter-output>
          </reporter-output>
        </test-method> <!-- Setup -->
        <test-method status="PASS" signature="TC_GCodes_Login()[pri:0, instance:com.GCodes.TestCases.TC_GCodesLogin_001@5123a213]" name="TC_GCodes_Login" duration-ms="15699" started-at="2022-04-18T18:10:28 IST" finished-at="2022-04-18T18:10:43 IST">
          <reporter-output>
          </reporter-output>
        </test-method> <!-- TC_GCodes_Login -->
        <test-method status="PASS" signature="teardown()[pri:0, instance:com.GCodes.TestCases.TC_GCodesLogin_001@5123a213]" name="teardown" is-config="true" duration-ms="1354" started-at="2022-04-18T18:10:43 IST" finished-at="2022-04-18T18:10:45 IST">
          <reporter-output>
          </reporter-output>
        </test-method> <!-- teardown -->
      </class> <!-- com.GCodes.TestCases.TC_GCodesLogin_001 -->
      <class name="com.GCodes.TestCases.TC_Cart_validation_004">
        <test-method status="PASS" signature="Setup(java.lang.String)[pri:0, instance:com.GCodes.TestCases.TC_Cart_validation_004@4f51b3e0]" name="Setup" is-config="true" duration-ms="1859" started-at="2022-04-18T18:11:27 IST" finished-at="2022-04-18T18:11:29 IST">
          <params>
            <param index="0">
              <value>
                <![CDATA[chrome]]>
              </value>
            </param>
          </params>
          <reporter-output>
          </reporter-output>
        </test-method> <!-- Setup -->
        <test-method status="PASS" signature="TC_CartAddRemove()[pri:0, instance:com.GCodes.TestCases.TC_Cart_validation_004@4f51b3e0]" name="TC_CartAddRemove" duration-ms="54691" started-at="2022-04-18T18:11:29 IST" finished-at="2022-04-18T18:12:23 IST">
          <reporter-output>
          </reporter-output>
        </test-method> <!-- TC_CartAddRemove -->
        <test-method status="PASS" signature="teardown()[pri:0, instance:com.GCodes.TestCases.TC_Cart_validation_004@4f51b3e0]" name="teardown" is-config="true" duration-ms="754" started-at="2022-04-18T18:12:23 IST" finished-at="2022-04-18T18:12:24 IST">
          <reporter-output>
          </reporter-output>
        </test-method> <!-- teardown -->
      </class> <!-- com.GCodes.TestCases.TC_Cart_validation_004 -->
      <class name="com.GCodes.TestCases.TC_SendCode_006">
        <test-method status="PASS" signature="Setup(java.lang.String)[pri:0, instance:com.GCodes.TestCases.TC_SendCode_006@133e16fd]" name="Setup" is-config="true" duration-ms="1451" started-at="2022-04-18T18:14:00 IST" finished-at="2022-04-18T18:14:01 IST">
          <params>
            <param index="0">
              <value>
                <![CDATA[chrome]]>
              </value>
            </param>
          </params>
          <reporter-output>
          </reporter-output>
        </test-method> <!-- Setup -->
        <test-method status="PASS" signature="TC_SendCode()[pri:0, instance:com.GCodes.TestCases.TC_SendCode_006@133e16fd]" name="TC_SendCode" duration-ms="21072" started-at="2022-04-18T18:14:01 IST" finished-at="2022-04-18T18:14:22 IST">
          <reporter-output>
          </reporter-output>
        </test-method> <!-- TC_SendCode -->
        <test-method status="PASS" signature="teardown()[pri:0, instance:com.GCodes.TestCases.TC_SendCode_006@133e16fd]" name="teardown" is-config="true" duration-ms="690" started-at="2022-04-18T18:14:22 IST" finished-at="2022-04-18T18:14:23 IST">
          <reporter-output>
          </reporter-output>
        </test-method> <!-- teardown -->
      </class> <!-- com.GCodes.TestCases.TC_SendCode_006 -->
      <class name="com.GCodes.TestCases.TC_Wallet_003">
        <test-method status="PASS" signature="Setup(java.lang.String)[pri:0, instance:com.GCodes.TestCases.TC_Wallet_003@1e4a7dd4]" name="Setup" is-config="true" duration-ms="1376" started-at="2022-04-18T18:11:07 IST" finished-at="2022-04-18T18:11:08 IST">
          <params>
            <param index="0">
              <value>
                <![CDATA[chrome]]>
              </value>
            </param>
          </params>
          <reporter-output>
          </reporter-output>
        </test-method> <!-- Setup -->
        <test-method status="PASS" signature="TC_Invalid_Wallet()[pri:0, instance:com.GCodes.TestCases.TC_Wallet_003@1e4a7dd4]" name="TC_Invalid_Wallet" duration-ms="17895" started-at="2022-04-18T18:11:08 IST" finished-at="2022-04-18T18:11:26 IST">
          <reporter-output>
          </reporter-output>
        </test-method> <!-- TC_Invalid_Wallet -->
        <test-method status="PASS" signature="teardown()[pri:0, instance:com.GCodes.TestCases.TC_Wallet_003@1e4a7dd4]" name="teardown" is-config="true" duration-ms="702" started-at="2022-04-18T18:11:26 IST" finished-at="2022-04-18T18:11:27 IST">
          <reporter-output>
          </reporter-output>
        </test-method> <!-- teardown -->
      </class> <!-- com.GCodes.TestCases.TC_Wallet_003 -->
      <class name="com.GCodes.TestCases.TC_Issuance_Importer_005">
        <test-method status="PASS" signature="Setup(java.lang.String)[pri:0, instance:com.GCodes.TestCases.TC_Issuance_Importer_005@4b9e255]" name="Setup" is-config="true" duration-ms="1377" started-at="2022-04-18T18:12:24 IST" finished-at="2022-04-18T18:12:25 IST">
          <params>
            <param index="0">
              <value>
                <![CDATA[chrome]]>
              </value>
            </param>
          </params>
          <reporter-output>
          </reporter-output>
        </test-method> <!-- Setup -->
        <test-method status="PASS" signature="TC_EmptyFile_validation()[pri:0, instance:com.GCodes.TestCases.TC_Issuance_Importer_005@4b9e255]" name="TC_EmptyFile_validation" duration-ms="20068" started-at="2022-04-18T18:12:25 IST" finished-at="2022-04-18T18:12:45 IST">
          <reporter-output>
          </reporter-output>
        </test-method> <!-- TC_EmptyFile_validation -->
        <test-method status="PASS" signature="teardown()[pri:0, instance:com.GCodes.TestCases.TC_Issuance_Importer_005@4b9e255]" name="teardown" is-config="true" duration-ms="692" started-at="2022-04-18T18:12:45 IST" finished-at="2022-04-18T18:12:46 IST">
          <reporter-output>
          </reporter-output>
        </test-method> <!-- teardown -->
        <test-method status="PASS" signature="Setup(java.lang.String)[pri:0, instance:com.GCodes.TestCases.TC_Issuance_Importer_005@4b9e255]" name="Setup" is-config="true" duration-ms="1610" started-at="2022-04-18T18:12:46 IST" finished-at="2022-04-18T18:12:48 IST">
          <params>
            <param index="0">
              <value>
                <![CDATA[chrome]]>
              </value>
            </param>
          </params>
          <reporter-output>
          </reporter-output>
        </test-method> <!-- Setup -->
        <test-method status="PASS" signature="TC_Invalid_Import_InvalidFile()[pri:0, instance:com.GCodes.TestCases.TC_Issuance_Importer_005@4b9e255]" name="TC_Invalid_Import_InvalidFile" duration-ms="21894" started-at="2022-04-18T18:12:48 IST" finished-at="2022-04-18T18:13:10 IST">
          <reporter-output>
          </reporter-output>
        </test-method> <!-- TC_Invalid_Import_InvalidFile -->
        <test-method status="PASS" signature="teardown()[pri:0, instance:com.GCodes.TestCases.TC_Issuance_Importer_005@4b9e255]" name="teardown" is-config="true" duration-ms="697" started-at="2022-04-18T18:13:10 IST" finished-at="2022-04-18T18:13:10 IST">
          <reporter-output>
          </reporter-output>
        </test-method> <!-- teardown -->
        <test-method status="PASS" signature="Setup(java.lang.String)[pri:0, instance:com.GCodes.TestCases.TC_Issuance_Importer_005@4b9e255]" name="Setup" is-config="true" duration-ms="1462" started-at="2022-04-18T18:13:10 IST" finished-at="2022-04-18T18:13:12 IST">
          <params>
            <param index="0">
              <value>
                <![CDATA[chrome]]>
              </value>
            </param>
          </params>
          <reporter-output>
          </reporter-output>
        </test-method> <!-- Setup -->
        <test-method status="PASS" signature="Valid_ImportTest()[pri:0, instance:com.GCodes.TestCases.TC_Issuance_Importer_005@4b9e255]" name="Valid_ImportTest" duration-ms="46930" started-at="2022-04-18T18:13:12 IST" finished-at="2022-04-18T18:13:59 IST">
          <reporter-output>
          </reporter-output>
        </test-method> <!-- Valid_ImportTest -->
        <test-method status="PASS" signature="teardown()[pri:0, instance:com.GCodes.TestCases.TC_Issuance_Importer_005@4b9e255]" name="teardown" is-config="true" duration-ms="725" started-at="2022-04-18T18:13:59 IST" finished-at="2022-04-18T18:14:00 IST">
          <reporter-output>
          </reporter-output>
        </test-method> <!-- teardown -->
      </class> <!-- com.GCodes.TestCases.TC_Issuance_Importer_005 -->
      <class name="com.GCodes.TestCases.TC_Login_Validations_002">
        <test-method status="PASS" signature="Setup(java.lang.String)[pri:0, instance:com.GCodes.TestCases.TC_Login_Validations_002@48a242ce]" name="Setup" is-config="true" duration-ms="2823" started-at="2022-04-18T18:10:45 IST" finished-at="2022-04-18T18:10:48 IST">
          <params>
            <param index="0">
              <value>
                <![CDATA[chrome]]>
              </value>
            </param>
          </params>
          <reporter-output>
          </reporter-output>
        </test-method> <!-- Setup -->
        <test-method status="PASS" signature="TC_GCodes_LoginValidations()[pri:0, instance:com.GCodes.TestCases.TC_Login_Validations_002@48a242ce]" name="TC_GCodes_LoginValidations" duration-ms="18392" started-at="2022-04-18T18:10:48 IST" finished-at="2022-04-18T18:11:06 IST">
          <reporter-output>
          </reporter-output>
        </test-method> <!-- TC_GCodes_LoginValidations -->
        <test-method status="PASS" signature="teardown()[pri:0, instance:com.GCodes.TestCases.TC_Login_Validations_002@48a242ce]" name="teardown" is-config="true" duration-ms="718" started-at="2022-04-18T18:11:06 IST" finished-at="2022-04-18T18:11:07 IST">
          <reporter-output>
          </reporter-output>
        </test-method> <!-- teardown -->
      </class> <!-- com.GCodes.TestCases.TC_Login_Validations_002 -->
    </test> <!-- Test -->
  </suite> <!-- Suite -->
</testng-results>
