<?xml version="1.0" encoding="UTF-8"?>
<testng-results skipped="0" failed="0" ignored="0" total="4" passed="4">
  <reporter-output>
  </reporter-output>
  <suite name="Suite" duration-ms="126619" started-at="2022-05-11T19:12:18 IST" finished-at="2022-05-11T19:14:25 IST">
    <groups>
    </groups>
    <test name="chromeTest" duration-ms="126384" started-at="2022-05-11T19:12:18 IST" finished-at="2022-05-11T19:14:24 IST">
      <class name="com.GCodes.TestCases.TC_GCodesLogin_001">
        <test-method status="PASS" signature="Setup(java.lang.String)[pri:0, instance:com.GCodes.TestCases.TC_GCodesLogin_001@5fdba6f9]" name="Setup" is-config="true" duration-ms="4663" started-at="2022-05-11T19:12:18 IST" finished-at="2022-05-11T19:12:23 IST">
          <params>
            <param index="0">
              <value>
                <![CDATA[chrome]]>
              </value>
            </param>
          </params>
          <reporter-output>
          </reporter-output>
        </test-method> <!-- Setup -->
        <test-method status="PASS" signature="TC_GCodes_Login()[pri:0, instance:com.GCodes.TestCases.TC_GCodesLogin_001@5fdba6f9]" name="TC_GCodes_Login" duration-ms="28319" started-at="2022-05-11T19:12:23 IST" finished-at="2022-05-11T19:12:51 IST">
          <reporter-output>
          </reporter-output>
        </test-method> <!-- TC_GCodes_Login -->
        <test-method status="PASS" signature="teardown()[pri:0, instance:com.GCodes.TestCases.TC_GCodesLogin_001@5fdba6f9]" name="teardown" is-config="true" duration-ms="7611" started-at="2022-05-11T19:12:51 IST" finished-at="2022-05-11T19:12:59 IST">
          <reporter-output>
          </reporter-output>
        </test-method> <!-- teardown -->
      </class> <!-- com.GCodes.TestCases.TC_GCodesLogin_001 -->
      <class name="com.GCodes.TestCases.TC_Login_Validations_002">
        <test-method status="PASS" signature="Setup(java.lang.String)[pri:0, instance:com.GCodes.TestCases.TC_Login_Validations_002@17baae6e]" name="Setup" is-config="true" duration-ms="1954" started-at="2022-05-11T19:12:59 IST" finished-at="2022-05-11T19:13:01 IST">
          <params>
            <param index="0">
              <value>
                <![CDATA[chrome]]>
              </value>
            </param>
          </params>
          <reporter-output>
          </reporter-output>
        </test-method> <!-- Setup -->
        <test-method status="PASS" signature="TC_GCodes_LoginValidations()[pri:0, instance:com.GCodes.TestCases.TC_Login_Validations_002@17baae6e]" name="TC_GCodes_LoginValidations" duration-ms="46487" started-at="2022-05-11T19:13:01 IST" finished-at="2022-05-11T19:13:48 IST">
          <reporter-output>
          </reporter-output>
        </test-method> <!-- TC_GCodes_LoginValidations -->
        <test-method status="PASS" signature="teardown()[pri:0, instance:com.GCodes.TestCases.TC_Login_Validations_002@17baae6e]" name="teardown" is-config="true" duration-ms="36818" started-at="2022-05-11T19:13:48 IST" finished-at="2022-05-11T19:14:24 IST">
          <reporter-output>
          </reporter-output>
        </test-method> <!-- teardown -->
      </class> <!-- com.GCodes.TestCases.TC_Login_Validations_002 -->
    </test> <!-- chromeTest -->
    <test name="MsEdgeTest" duration-ms="126618" started-at="2022-05-11T19:12:18 IST" finished-at="2022-05-11T19:14:25 IST">
      <class name="com.GCodes.TestCases.TC_GCodesLogin_001">
        <test-method status="PASS" signature="Setup(java.lang.String)[pri:0, instance:com.GCodes.TestCases.TC_GCodesLogin_001@33b37288]" name="Setup" is-config="true" duration-ms="10771" started-at="2022-05-11T19:12:18 IST" finished-at="2022-05-11T19:12:29 IST">
          <params>
            <param index="0">
              <value>
                <![CDATA[msedge]]>
              </value>
            </param>
          </params>
          <reporter-output>
          </reporter-output>
        </test-method> <!-- Setup -->
        <test-method status="PASS" signature="TC_GCodes_Login()[pri:0, instance:com.GCodes.TestCases.TC_GCodesLogin_001@33b37288]" name="TC_GCodes_Login" duration-ms="29150" started-at="2022-05-11T19:12:29 IST" finished-at="2022-05-11T19:12:58 IST">
          <reporter-output>
          </reporter-output>
        </test-method> <!-- TC_GCodes_Login -->
        <test-method status="PASS" signature="teardown()[pri:0, instance:com.GCodes.TestCases.TC_GCodesLogin_001@33b37288]" name="teardown" is-config="true" duration-ms="1431" started-at="2022-05-11T19:12:58 IST" finished-at="2022-05-11T19:13:00 IST">
          <reporter-output>
          </reporter-output>
        </test-method> <!-- teardown -->
      </class> <!-- com.GCodes.TestCases.TC_GCodesLogin_001 -->
      <class name="com.GCodes.TestCases.TC_Login_Validations_002">
        <test-method status="PASS" signature="Setup(java.lang.String)[pri:0, instance:com.GCodes.TestCases.TC_Login_Validations_002@77a57272]" name="Setup" is-config="true" duration-ms="4934" started-at="2022-05-11T19:13:00 IST" finished-at="2022-05-11T19:13:05 IST">
          <params>
            <param index="0">
              <value>
                <![CDATA[msedge]]>
              </value>
            </param>
          </params>
          <reporter-output>
          </reporter-output>
        </test-method> <!-- Setup -->
        <test-method status="PASS" signature="TC_GCodes_LoginValidations()[pri:0, instance:com.GCodes.TestCases.TC_Login_Validations_002@77a57272]" name="TC_GCodes_LoginValidations" duration-ms="64567" started-at="2022-05-11T19:13:05 IST" finished-at="2022-05-11T19:14:09 IST">
          <reporter-output>
          </reporter-output>
        </test-method> <!-- TC_GCodes_LoginValidations -->
        <test-method status="PASS" signature="teardown()[pri:0, instance:com.GCodes.TestCases.TC_Login_Validations_002@77a57272]" name="teardown" is-config="true" duration-ms="15279" started-at="2022-05-11T19:14:09 IST" finished-at="2022-05-11T19:14:25 IST">
          <reporter-output>
          </reporter-output>
        </test-method> <!-- teardown -->
      </class> <!-- com.GCodes.TestCases.TC_Login_Validations_002 -->
    </test> <!-- MsEdgeTest -->
  </suite> <!-- Suite -->
</testng-results>
