<?xml version="1.0" encoding="UTF-8"?>
<testng-results skipped="0" failed="0" ignored="0" total="2" passed="2">
  <reporter-output>
  </reporter-output>
  <suite name="Suite" duration-ms="56142" started-at="2022-01-27T17:32:43 IST" finished-at="2022-01-27T17:33:39 IST">
    <groups>
    </groups>
    <test name="Test" duration-ms="56142" started-at="2022-01-27T17:32:43 IST" finished-at="2022-01-27T17:33:39 IST">
      <class name="com.GCodes.TestCases.TC_GCodesLogin_001">
        <test-method status="PASS" signature="Setup(java.lang.String)[pri:0, instance:com.GCodes.TestCases.TC_GCodesLogin_001@1da51a35]" name="Setup" is-config="true" duration-ms="19347" started-at="2022-01-27T17:32:43 IST" finished-at="2022-01-27T17:33:02 IST">
          <params>
            <param index="0">
              <value>
                <![CDATA[chrome]]>
              </value>
            </param>
          </params>
          <reporter-output>
          </reporter-output>
        </test-method> <!-- Setup -->
        <test-method status="PASS" signature="TC_GCodes_Login_001()[pri:0, instance:com.GCodes.TestCases.TC_GCodesLogin_001@1da51a35]" name="TC_GCodes_Login_001" duration-ms="10474" started-at="2022-01-27T17:33:02 IST" finished-at="2022-01-27T17:33:13 IST">
          <reporter-output>
          </reporter-output>
        </test-method> <!-- TC_GCodes_Login_001 -->
        <test-method status="PASS" signature="teardown()[pri:0, instance:com.GCodes.TestCases.TC_GCodesLogin_001@1da51a35]" name="teardown" is-config="true" duration-ms="708" started-at="2022-01-27T17:33:13 IST" finished-at="2022-01-27T17:33:14 IST">
          <reporter-output>
          </reporter-output>
        </test-method> <!-- teardown -->
      </class> <!-- com.GCodes.TestCases.TC_GCodesLogin_001 -->
      <class name="com.GCodes.TestCases.TC_Login_Validations_002">
        <test-method status="PASS" signature="Setup(java.lang.String)[pri:0, instance:com.GCodes.TestCases.TC_Login_Validations_002@15b3e5b]" name="Setup" is-config="true" duration-ms="11953" started-at="2022-01-27T17:33:14 IST" finished-at="2022-01-27T17:33:26 IST">
          <params>
            <param index="0">
              <value>
                <![CDATA[chrome]]>
              </value>
            </param>
          </params>
          <reporter-output>
          </reporter-output>
        </test-method> <!-- Setup -->
        <test-method status="PASS" signature="TC_GCodes_LoginValidations_002()[pri:0, instance:com.GCodes.TestCases.TC_Login_Validations_002@15b3e5b]" name="TC_GCodes_LoginValidations_002" duration-ms="12594" started-at="2022-01-27T17:33:26 IST" finished-at="2022-01-27T17:33:38 IST">
          <reporter-output>
          </reporter-output>
        </test-method> <!-- TC_GCodes_LoginValidations_002 -->
        <test-method status="PASS" signature="teardown()[pri:0, instance:com.GCodes.TestCases.TC_Login_Validations_002@15b3e5b]" name="teardown" is-config="true" duration-ms="790" started-at="2022-01-27T17:33:38 IST" finished-at="2022-01-27T17:33:39 IST">
          <reporter-output>
          </reporter-output>
        </test-method> <!-- teardown -->
      </class> <!-- com.GCodes.TestCases.TC_Login_Validations_002 -->
    </test> <!-- Test -->
  </suite> <!-- Suite -->
</testng-results>
