<?xml version="1.0" encoding="UTF-8"?>
<testng-results skipped="0" failed="0" ignored="0" total="5" passed="5">
  <reporter-output>
  </reporter-output>
  <suite name="Suite" duration-ms="129155" started-at="2022-02-01T16:19:52 IST" finished-at="2022-02-01T16:22:01 IST">
    <groups>
    </groups>
    <test name="Test" duration-ms="129155" started-at="2022-02-01T16:19:52 IST" finished-at="2022-02-01T16:22:01 IST">
      <class name="com.GCodes.TestCases.TC_GCodesLogin_001">
        <test-method status="PASS" signature="Setup(java.lang.String)[pri:0, instance:com.GCodes.TestCases.TC_GCodesLogin_001@4cf4d528]" name="Setup" is-config="true" duration-ms="2288" started-at="2022-02-01T16:19:52 IST" finished-at="2022-02-01T16:19:54 IST">
          <params>
            <param index="0">
              <value>
                <![CDATA[chrome]]>
              </value>
            </param>
          </params>
          <reporter-output>
          </reporter-output>
        </test-method> <!-- Setup -->
        <test-method status="PASS" signature="TC_GCodes_Login_001()[pri:0, instance:com.GCodes.TestCases.TC_GCodesLogin_001@4cf4d528]" name="TC_GCodes_Login_001" duration-ms="21888" started-at="2022-02-01T16:19:54 IST" finished-at="2022-02-01T16:20:16 IST">
          <reporter-output>
          </reporter-output>
        </test-method> <!-- TC_GCodes_Login_001 -->
        <test-method status="PASS" signature="teardown()[pri:0, instance:com.GCodes.TestCases.TC_GCodesLogin_001@4cf4d528]" name="teardown" is-config="true" duration-ms="905" started-at="2022-02-01T16:20:16 IST" finished-at="2022-02-01T16:20:17 IST">
          <reporter-output>
          </reporter-output>
        </test-method> <!-- teardown -->
      </class> <!-- com.GCodes.TestCases.TC_GCodesLogin_001 -->
      <class name="com.GCodes.TestCases.TC_Wallet_003">
        <test-method status="PASS" signature="Setup(java.lang.String)[pri:0, instance:com.GCodes.TestCases.TC_Wallet_003@4b53f538]" name="Setup" is-config="true" duration-ms="1340" started-at="2022-02-01T16:21:00 IST" finished-at="2022-02-01T16:21:01 IST">
          <params>
            <param index="0">
              <value>
                <![CDATA[chrome]]>
              </value>
            </param>
          </params>
          <reporter-output>
          </reporter-output>
        </test-method> <!-- Setup -->
        <test-method status="PASS" signature="TC_Invalid_Wallet_003()[pri:0, instance:com.GCodes.TestCases.TC_Wallet_003@4b53f538]" name="TC_Invalid_Wallet_003" duration-ms="35622" started-at="2022-02-01T16:21:01 IST" finished-at="2022-02-01T16:21:37 IST">
          <reporter-output>
          </reporter-output>
        </test-method> <!-- TC_Invalid_Wallet_003 -->
        <test-method status="PASS" signature="teardown()[pri:0, instance:com.GCodes.TestCases.TC_Wallet_003@4b53f538]" name="teardown" is-config="true" duration-ms="708" started-at="2022-02-01T16:21:37 IST" finished-at="2022-02-01T16:21:38 IST">
          <reporter-output>
          </reporter-output>
        </test-method> <!-- teardown -->
        <test-method status="PASS" signature="Setup(java.lang.String)[pri:0, instance:com.GCodes.TestCases.TC_Wallet_003@4b53f538]" name="Setup" is-config="true" duration-ms="1278" started-at="2022-02-01T16:21:38 IST" finished-at="2022-02-01T16:21:39 IST">
          <params>
            <param index="0">
              <value>
                <![CDATA[chrome]]>
              </value>
            </param>
          </params>
          <reporter-output>
          </reporter-output>
        </test-method> <!-- Setup -->
        <test-method status="PASS" signature="TC_Invalid_Wallet_004()[pri:0, instance:com.GCodes.TestCases.TC_Wallet_003@4b53f538]" name="TC_Invalid_Wallet_004" duration-ms="10300" started-at="2022-02-01T16:21:39 IST" finished-at="2022-02-01T16:21:49 IST">
          <reporter-output>
          </reporter-output>
        </test-method> <!-- TC_Invalid_Wallet_004 -->
        <test-method status="PASS" signature="teardown()[pri:0, instance:com.GCodes.TestCases.TC_Wallet_003@4b53f538]" name="teardown" is-config="true" duration-ms="824" started-at="2022-02-01T16:21:49 IST" finished-at="2022-02-01T16:21:50 IST">
          <reporter-output>
          </reporter-output>
        </test-method> <!-- teardown -->
        <test-method status="PASS" signature="Setup(java.lang.String)[pri:0, instance:com.GCodes.TestCases.TC_Wallet_003@4b53f538]" name="Setup" is-config="true" duration-ms="1292" started-at="2022-02-01T16:21:50 IST" finished-at="2022-02-01T16:21:51 IST">
          <params>
            <param index="0">
              <value>
                <![CDATA[chrome]]>
              </value>
            </param>
          </params>
          <reporter-output>
          </reporter-output>
        </test-method> <!-- Setup -->
        <test-method status="PASS" signature="TC_Invalid_Wallet_005()[pri:0, instance:com.GCodes.TestCases.TC_Wallet_003@4b53f538]" name="TC_Invalid_Wallet_005" duration-ms="9110" started-at="2022-02-01T16:21:51 IST" finished-at="2022-02-01T16:22:00 IST">
          <reporter-output>
          </reporter-output>
        </test-method> <!-- TC_Invalid_Wallet_005 -->
        <test-method status="PASS" signature="teardown()[pri:0, instance:com.GCodes.TestCases.TC_Wallet_003@4b53f538]" name="teardown" is-config="true" duration-ms="769" started-at="2022-02-01T16:22:00 IST" finished-at="2022-02-01T16:22:01 IST">
          <reporter-output>
          </reporter-output>
        </test-method> <!-- teardown -->
      </class> <!-- com.GCodes.TestCases.TC_Wallet_003 -->
      <class name="com.GCodes.TestCases.TC_Login_Validations_002">
        <test-method status="PASS" signature="Setup(java.lang.String)[pri:0, instance:com.GCodes.TestCases.TC_Login_Validations_002@61ca2dfa]" name="Setup" is-config="true" duration-ms="1353" started-at="2022-02-01T16:20:17 IST" finished-at="2022-02-01T16:20:19 IST">
          <params>
            <param index="0">
              <value>
                <![CDATA[chrome]]>
              </value>
            </param>
          </params>
          <reporter-output>
          </reporter-output>
        </test-method> <!-- Setup -->
        <test-method status="PASS" signature="TC_GCodes_LoginValidations_002()[pri:0, instance:com.GCodes.TestCases.TC_Login_Validations_002@61ca2dfa]" name="TC_GCodes_LoginValidations_002" duration-ms="40376" started-at="2022-02-01T16:20:19 IST" finished-at="2022-02-01T16:20:59 IST">
          <reporter-output>
          </reporter-output>
        </test-method> <!-- TC_GCodes_LoginValidations_002 -->
        <test-method status="PASS" signature="teardown()[pri:0, instance:com.GCodes.TestCases.TC_Login_Validations_002@61ca2dfa]" name="teardown" is-config="true" duration-ms="826" started-at="2022-02-01T16:20:59 IST" finished-at="2022-02-01T16:21:00 IST">
          <reporter-output>
          </reporter-output>
        </test-method> <!-- teardown -->
      </class> <!-- com.GCodes.TestCases.TC_Login_Validations_002 -->
    </test> <!-- Test -->
  </suite> <!-- Suite -->
</testng-results>
