<?xml version="1.0" encoding="UTF-8"?>
<testng-results skipped="0" failed="0" ignored="0" total="6" passed="6">
  <reporter-output>
  </reporter-output>
  <suite name="Suite" duration-ms="195414" started-at="2022-02-15T13:53:38 IST" finished-at="2022-02-15T13:56:54 IST">
    <groups>
    </groups>
    <test name="Test" duration-ms="195414" started-at="2022-02-15T13:53:38 IST" finished-at="2022-02-15T13:56:54 IST">
      <class name="com.GCodes.TestCases.TC_GCodesLogin_001">
        <test-method status="PASS" signature="Setup(java.lang.String)[pri:0, instance:com.GCodes.TestCases.TC_GCodesLogin_001@77846d2c]" name="Setup" is-config="true" duration-ms="14624" started-at="2022-02-15T13:53:39 IST" finished-at="2022-02-15T13:53:54 IST">
          <params>
            <param index="0">
              <value>
                <![CDATA[firefox]]>
              </value>
            </param>
          </params>
          <reporter-output>
          </reporter-output>
        </test-method> <!-- Setup -->
        <test-method status="PASS" signature="TC_GCodes_Login_001()[pri:0, instance:com.GCodes.TestCases.TC_GCodesLogin_001@77846d2c]" name="TC_GCodes_Login_001" duration-ms="19381" started-at="2022-02-15T13:53:54 IST" finished-at="2022-02-15T13:54:13 IST">
          <reporter-output>
          </reporter-output>
        </test-method> <!-- TC_GCodes_Login_001 -->
        <test-method status="PASS" signature="teardown()[pri:0, instance:com.GCodes.TestCases.TC_GCodesLogin_001@77846d2c]" name="teardown" is-config="true" duration-ms="2106" started-at="2022-02-15T13:54:13 IST" finished-at="2022-02-15T13:54:15 IST">
          <reporter-output>
          </reporter-output>
        </test-method> <!-- teardown -->
      </class> <!-- com.GCodes.TestCases.TC_GCodesLogin_001 -->
      <class name="com.GCodes.TestCases.TC_Cart_validation_004">
        <test-method status="PASS" signature="Setup(java.lang.String)[pri:0, instance:com.GCodes.TestCases.TC_Cart_validation_004@4bb4de6a]" name="Setup" is-config="true" duration-ms="5100" started-at="2022-02-15T13:55:52 IST" finished-at="2022-02-15T13:55:57 IST">
          <params>
            <param index="0">
              <value>
                <![CDATA[firefox]]>
              </value>
            </param>
          </params>
          <reporter-output>
          </reporter-output>
        </test-method> <!-- Setup -->
        <test-method status="PASS" signature="TC_CartAddRemove()[pri:0, instance:com.GCodes.TestCases.TC_Cart_validation_004@4bb4de6a]" name="TC_CartAddRemove" duration-ms="54865" started-at="2022-02-15T13:55:57 IST" finished-at="2022-02-15T13:56:52 IST">
          <reporter-output>
          </reporter-output>
        </test-method> <!-- TC_CartAddRemove -->
        <test-method status="PASS" signature="teardown()[pri:0, instance:com.GCodes.TestCases.TC_Cart_validation_004@4bb4de6a]" name="teardown" is-config="true" duration-ms="1591" started-at="2022-02-15T13:56:52 IST" finished-at="2022-02-15T13:56:54 IST">
          <reporter-output>
          </reporter-output>
        </test-method> <!-- teardown -->
      </class> <!-- com.GCodes.TestCases.TC_Cart_validation_004 -->
      <class name="com.GCodes.TestCases.TC_Wallet_003">
        <test-method status="PASS" signature="Setup(java.lang.String)[pri:0, instance:com.GCodes.TestCases.TC_Wallet_003@134593bf]" name="Setup" is-config="true" duration-ms="6393" started-at="2022-02-15T13:54:47 IST" finished-at="2022-02-15T13:54:53 IST">
          <params>
            <param index="0">
              <value>
                <![CDATA[firefox]]>
              </value>
            </param>
          </params>
          <reporter-output>
          </reporter-output>
        </test-method> <!-- Setup -->
        <test-method status="PASS" signature="TC_Invalid_Wallet_003()[pri:0, instance:com.GCodes.TestCases.TC_Wallet_003@134593bf]" name="TC_Invalid_Wallet_003" duration-ms="18608" started-at="2022-02-15T13:54:53 IST" finished-at="2022-02-15T13:55:12 IST">
          <reporter-output>
          </reporter-output>
        </test-method> <!-- TC_Invalid_Wallet_003 -->
        <test-method status="PASS" signature="teardown()[pri:0, instance:com.GCodes.TestCases.TC_Wallet_003@134593bf]" name="teardown" is-config="true" duration-ms="1594" started-at="2022-02-15T13:55:12 IST" finished-at="2022-02-15T13:55:13 IST">
          <reporter-output>
          </reporter-output>
        </test-method> <!-- teardown -->
        <test-method status="PASS" signature="Setup(java.lang.String)[pri:0, instance:com.GCodes.TestCases.TC_Wallet_003@134593bf]" name="Setup" is-config="true" duration-ms="6167" started-at="2022-02-15T13:55:13 IST" finished-at="2022-02-15T13:55:19 IST">
          <params>
            <param index="0">
              <value>
                <![CDATA[firefox]]>
              </value>
            </param>
          </params>
          <reporter-output>
          </reporter-output>
        </test-method> <!-- Setup -->
        <test-method status="PASS" signature="TC_Invalid_Wallet_004()[pri:0, instance:com.GCodes.TestCases.TC_Wallet_003@134593bf]" name="TC_Invalid_Wallet_004" duration-ms="10406" started-at="2022-02-15T13:55:19 IST" finished-at="2022-02-15T13:55:30 IST">
          <reporter-output>
          </reporter-output>
        </test-method> <!-- TC_Invalid_Wallet_004 -->
        <test-method status="PASS" signature="teardown()[pri:0, instance:com.GCodes.TestCases.TC_Wallet_003@134593bf]" name="teardown" is-config="true" duration-ms="1491" started-at="2022-02-15T13:55:30 IST" finished-at="2022-02-15T13:55:31 IST">
          <reporter-output>
          </reporter-output>
        </test-method> <!-- teardown -->
        <test-method status="PASS" signature="Setup(java.lang.String)[pri:0, instance:com.GCodes.TestCases.TC_Wallet_003@134593bf]" name="Setup" is-config="true" duration-ms="5852" started-at="2022-02-15T13:55:31 IST" finished-at="2022-02-15T13:55:37 IST">
          <params>
            <param index="0">
              <value>
                <![CDATA[firefox]]>
              </value>
            </param>
          </params>
          <reporter-output>
          </reporter-output>
        </test-method> <!-- Setup -->
        <test-method status="PASS" signature="TC_Invalid_Wallet_005()[pri:0, instance:com.GCodes.TestCases.TC_Wallet_003@134593bf]" name="TC_Invalid_Wallet_005" duration-ms="14054" started-at="2022-02-15T13:55:37 IST" finished-at="2022-02-15T13:55:51 IST">
          <reporter-output>
          </reporter-output>
        </test-method> <!-- TC_Invalid_Wallet_005 -->
        <test-method status="PASS" signature="teardown()[pri:0, instance:com.GCodes.TestCases.TC_Wallet_003@134593bf]" name="teardown" is-config="true" duration-ms="1146" started-at="2022-02-15T13:55:51 IST" finished-at="2022-02-15T13:55:52 IST">
          <reporter-output>
          </reporter-output>
        </test-method> <!-- teardown -->
      </class> <!-- com.GCodes.TestCases.TC_Wallet_003 -->
      <class name="com.GCodes.TestCases.TC_Login_Validations_002">
        <test-method status="PASS" signature="Setup(java.lang.String)[pri:0, instance:com.GCodes.TestCases.TC_Login_Validations_002@4b53f538]" name="Setup" is-config="true" duration-ms="5555" started-at="2022-02-15T13:54:15 IST" finished-at="2022-02-15T13:54:21 IST">
          <params>
            <param index="0">
              <value>
                <![CDATA[firefox]]>
              </value>
            </param>
          </params>
          <reporter-output>
          </reporter-output>
        </test-method> <!-- Setup -->
        <test-method status="PASS" signature="TC_GCodes_LoginValidations_002()[pri:0, instance:com.GCodes.TestCases.TC_Login_Validations_002@4b53f538]" name="TC_GCodes_LoginValidations_002" duration-ms="24691" started-at="2022-02-15T13:54:21 IST" finished-at="2022-02-15T13:54:45 IST">
          <reporter-output>
          </reporter-output>
        </test-method> <!-- TC_GCodes_LoginValidations_002 -->
        <test-method status="PASS" signature="teardown()[pri:0, instance:com.GCodes.TestCases.TC_Login_Validations_002@4b53f538]" name="teardown" is-config="true" duration-ms="1308" started-at="2022-02-15T13:54:45 IST" finished-at="2022-02-15T13:54:47 IST">
          <reporter-output>
          </reporter-output>
        </test-method> <!-- teardown -->
      </class> <!-- com.GCodes.TestCases.TC_Login_Validations_002 -->
    </test> <!-- Test -->
  </suite> <!-- Suite -->
</testng-results>
