<?xml version="1.0" encoding="UTF-8"?>
<testng-results skipped="0" failed="0" ignored="0" total="6" passed="6">
  <reporter-output>
  </reporter-output>
  <suite name="Suite" duration-ms="183761" started-at="2022-02-04T19:17:40 IST" finished-at="2022-02-04T19:20:44 IST">
    <groups>
    </groups>
    <test name="Test" duration-ms="183761" started-at="2022-02-04T19:17:40 IST" finished-at="2022-02-04T19:20:44 IST">
      <class name="com.GCodes.TestCases.TC_GCodesLogin_001">
        <test-method status="PASS" signature="Setup(java.lang.String)[pri:0, instance:com.GCodes.TestCases.TC_GCodesLogin_001@77846d2c]" name="Setup" is-config="true" duration-ms="3324" started-at="2022-02-04T19:17:40 IST" finished-at="2022-02-04T19:17:43 IST">
          <params>
            <param index="0">
              <value>
                <![CDATA[msedge]]>
              </value>
            </param>
          </params>
          <reporter-output>
          </reporter-output>
        </test-method> <!-- Setup -->
        <test-method status="PASS" signature="TC_GCodes_Login_001()[pri:0, instance:com.GCodes.TestCases.TC_GCodesLogin_001@77846d2c]" name="TC_GCodes_Login_001" duration-ms="21311" started-at="2022-02-04T19:17:43 IST" finished-at="2022-02-04T19:18:05 IST">
          <reporter-output>
          </reporter-output>
        </test-method> <!-- TC_GCodes_Login_001 -->
        <test-method status="PASS" signature="teardown()[pri:0, instance:com.GCodes.TestCases.TC_GCodesLogin_001@77846d2c]" name="teardown" is-config="true" duration-ms="827" started-at="2022-02-04T19:18:05 IST" finished-at="2022-02-04T19:18:06 IST">
          <reporter-output>
          </reporter-output>
        </test-method> <!-- teardown -->
      </class> <!-- com.GCodes.TestCases.TC_GCodesLogin_001 -->
      <class name="com.GCodes.TestCases.TC_Cart_validation_004">
        <test-method status="PASS" signature="Setup(java.lang.String)[pri:0, instance:com.GCodes.TestCases.TC_Cart_validation_004@4bb4de6a]" name="Setup" is-config="true" duration-ms="2620" started-at="2022-02-04T19:19:32 IST" finished-at="2022-02-04T19:19:35 IST">
          <params>
            <param index="0">
              <value>
                <![CDATA[msedge]]>
              </value>
            </param>
          </params>
          <reporter-output>
          </reporter-output>
        </test-method> <!-- Setup -->
        <test-method status="PASS" signature="TC_CartAddRemove()[pri:0, instance:com.GCodes.TestCases.TC_Cart_validation_004@4bb4de6a]" name="TC_CartAddRemove" duration-ms="67723" started-at="2022-02-04T19:19:35 IST" finished-at="2022-02-04T19:20:43 IST">
          <reporter-output>
          </reporter-output>
        </test-method> <!-- TC_CartAddRemove -->
        <test-method status="PASS" signature="teardown()[pri:0, instance:com.GCodes.TestCases.TC_Cart_validation_004@4bb4de6a]" name="teardown" is-config="true" duration-ms="966" started-at="2022-02-04T19:20:43 IST" finished-at="2022-02-04T19:20:44 IST">
          <reporter-output>
          </reporter-output>
        </test-method> <!-- teardown -->
      </class> <!-- com.GCodes.TestCases.TC_Cart_validation_004 -->
      <class name="com.GCodes.TestCases.TC_Wallet_003">
        <test-method status="PASS" signature="Setup(java.lang.String)[pri:0, instance:com.GCodes.TestCases.TC_Wallet_003@134593bf]" name="Setup" is-config="true" duration-ms="2459" started-at="2022-02-04T19:18:30 IST" finished-at="2022-02-04T19:18:32 IST">
          <params>
            <param index="0">
              <value>
                <![CDATA[msedge]]>
              </value>
            </param>
          </params>
          <reporter-output>
          </reporter-output>
        </test-method> <!-- Setup -->
        <test-method status="PASS" signature="TC_Invalid_Wallet_003()[pri:0, instance:com.GCodes.TestCases.TC_Wallet_003@134593bf]" name="TC_Invalid_Wallet_003" duration-ms="28343" started-at="2022-02-04T19:18:32 IST" finished-at="2022-02-04T19:19:00 IST">
          <reporter-output>
          </reporter-output>
        </test-method> <!-- TC_Invalid_Wallet_003 -->
        <test-method status="PASS" signature="teardown()[pri:0, instance:com.GCodes.TestCases.TC_Wallet_003@134593bf]" name="teardown" is-config="true" duration-ms="791" started-at="2022-02-04T19:19:00 IST" finished-at="2022-02-04T19:19:01 IST">
          <reporter-output>
          </reporter-output>
        </test-method> <!-- teardown -->
        <test-method status="PASS" signature="Setup(java.lang.String)[pri:0, instance:com.GCodes.TestCases.TC_Wallet_003@134593bf]" name="Setup" is-config="true" duration-ms="2403" started-at="2022-02-04T19:19:01 IST" finished-at="2022-02-04T19:19:04 IST">
          <params>
            <param index="0">
              <value>
                <![CDATA[msedge]]>
              </value>
            </param>
          </params>
          <reporter-output>
          </reporter-output>
        </test-method> <!-- Setup -->
        <test-method status="PASS" signature="TC_Invalid_Wallet_004()[pri:0, instance:com.GCodes.TestCases.TC_Wallet_003@134593bf]" name="TC_Invalid_Wallet_004" duration-ms="12298" started-at="2022-02-04T19:19:04 IST" finished-at="2022-02-04T19:19:16 IST">
          <reporter-output>
          </reporter-output>
        </test-method> <!-- TC_Invalid_Wallet_004 -->
        <test-method status="PASS" signature="teardown()[pri:0, instance:com.GCodes.TestCases.TC_Wallet_003@134593bf]" name="teardown" is-config="true" duration-ms="785" started-at="2022-02-04T19:19:16 IST" finished-at="2022-02-04T19:19:17 IST">
          <reporter-output>
          </reporter-output>
        </test-method> <!-- teardown -->
        <test-method status="PASS" signature="Setup(java.lang.String)[pri:0, instance:com.GCodes.TestCases.TC_Wallet_003@134593bf]" name="Setup" is-config="true" duration-ms="3023" started-at="2022-02-04T19:19:17 IST" finished-at="2022-02-04T19:19:20 IST">
          <params>
            <param index="0">
              <value>
                <![CDATA[msedge]]>
              </value>
            </param>
          </params>
          <reporter-output>
          </reporter-output>
        </test-method> <!-- Setup -->
        <test-method status="PASS" signature="TC_Invalid_Wallet_005()[pri:0, instance:com.GCodes.TestCases.TC_Wallet_003@134593bf]" name="TC_Invalid_Wallet_005" duration-ms="11952" started-at="2022-02-04T19:19:20 IST" finished-at="2022-02-04T19:19:32 IST">
          <reporter-output>
          </reporter-output>
        </test-method> <!-- TC_Invalid_Wallet_005 -->
        <test-method status="PASS" signature="teardown()[pri:0, instance:com.GCodes.TestCases.TC_Wallet_003@134593bf]" name="teardown" is-config="true" duration-ms="792" started-at="2022-02-04T19:19:32 IST" finished-at="2022-02-04T19:19:32 IST">
          <reporter-output>
          </reporter-output>
        </test-method> <!-- teardown -->
      </class> <!-- com.GCodes.TestCases.TC_Wallet_003 -->
      <class name="com.GCodes.TestCases.TC_Login_Validations_002">
        <test-method status="PASS" signature="Setup(java.lang.String)[pri:0, instance:com.GCodes.TestCases.TC_Login_Validations_002@4b53f538]" name="Setup" is-config="true" duration-ms="2449" started-at="2022-02-04T19:18:06 IST" finished-at="2022-02-04T19:18:08 IST">
          <params>
            <param index="0">
              <value>
                <![CDATA[msedge]]>
              </value>
            </param>
          </params>
          <reporter-output>
          </reporter-output>
        </test-method> <!-- Setup -->
        <test-method status="PASS" signature="TC_GCodes_LoginValidations_002()[pri:0, instance:com.GCodes.TestCases.TC_Login_Validations_002@4b53f538]" name="TC_GCodes_LoginValidations_002" duration-ms="20576" started-at="2022-02-04T19:18:08 IST" finished-at="2022-02-04T19:18:29 IST">
          <reporter-output>
          </reporter-output>
        </test-method> <!-- TC_GCodes_LoginValidations_002 -->
        <test-method status="PASS" signature="teardown()[pri:0, instance:com.GCodes.TestCases.TC_Login_Validations_002@4b53f538]" name="teardown" is-config="true" duration-ms="852" started-at="2022-02-04T19:18:29 IST" finished-at="2022-02-04T19:18:30 IST">
          <reporter-output>
          </reporter-output>
        </test-method> <!-- teardown -->
      </class> <!-- com.GCodes.TestCases.TC_Login_Validations_002 -->
    </test> <!-- Test -->
  </suite> <!-- Suite -->
</testng-results>
