<?xml version="1.0" encoding="UTF-8"?>
<testng-results skipped="0" failed="0" ignored="0" total="1" passed="1">
  <reporter-output>
  </reporter-output>
  <suite name="Suite" duration-ms="37893" started-at="2022-03-11T18:06:02 IST" finished-at="2022-03-11T18:06:39 IST">
    <groups>
    </groups>
    <test name="Test" duration-ms="37893" started-at="2022-03-11T18:06:02 IST" finished-at="2022-03-11T18:06:39 IST">
      <class name="com.GCodes.TestCases.TC_Issuance_Importer_005">
        <test-method status="PASS" signature="Setup(java.lang.String)[pri:0, instance:com.GCodes.TestCases.TC_Issuance_Importer_005@17211155]" name="Setup" is-config="true" duration-ms="2316" started-at="2022-03-11T18:06:02 IST" finished-at="2022-03-11T18:06:04 IST">
          <params>
            <param index="0">
              <value>
                <![CDATA[chrome]]>
              </value>
            </param>
          </params>
          <reporter-output>
          </reporter-output>
        </test-method> <!-- Setup -->
        <test-method status="PASS" signature="Valid_ImportTest()[pri:0, instance:com.GCodes.TestCases.TC_Issuance_Importer_005@17211155]" name="Valid_ImportTest" duration-ms="35304" started-at="2022-03-11T18:06:04 IST" finished-at="2022-03-11T18:06:39 IST">
          <reporter-output>
          </reporter-output>
        </test-method> <!-- Valid_ImportTest -->
      </class> <!-- com.GCodes.TestCases.TC_Issuance_Importer_005 -->
    </test> <!-- Test -->
  </suite> <!-- Suite -->
</testng-results>
