<?xml version="1.0" encoding="UTF-8"?>
<testng-results skipped="0" failed="0" ignored="0" total="1" passed="1">
  <reporter-output>
  </reporter-output>
  <suite name="Suite" duration-ms="25094" started-at="2022-01-28T16:00:45 IST" finished-at="2022-01-28T16:01:10 IST">
    <groups>
    </groups>
    <test name="Test" duration-ms="25094" started-at="2022-01-28T16:00:45 IST" finished-at="2022-01-28T16:01:10 IST">
      <class name="com.GCodes.TestCases.TC_Wallet_003">
        <test-method status="PASS" signature="Setup(java.lang.String)[pri:0, instance:com.GCodes.TestCases.TC_Wallet_003@6d3af739]" name="Setup" is-config="true" duration-ms="16309" started-at="2022-01-28T16:00:45 IST" finished-at="2022-01-28T16:01:01 IST">
          <params>
            <param index="0">
              <value>
                <![CDATA[chrome]]>
              </value>
            </param>
          </params>
          <reporter-output>
          </reporter-output>
        </test-method> <!-- Setup -->
        <test-method status="PASS" signature="TC_Invalid_Wallet_003()[pri:0, instance:com.GCodes.TestCases.TC_Wallet_003@6d3af739]" name="TC_Invalid_Wallet_003" duration-ms="6996" started-at="2022-01-28T16:01:01 IST" finished-at="2022-01-28T16:01:08 IST">
          <reporter-output>
          </reporter-output>
        </test-method> <!-- TC_Invalid_Wallet_003 -->
        <test-method status="PASS" signature="teardown()[pri:0, instance:com.GCodes.TestCases.TC_Wallet_003@6d3af739]" name="teardown" is-config="true" duration-ms="1581" started-at="2022-01-28T16:01:08 IST" finished-at="2022-01-28T16:01:10 IST">
          <reporter-output>
          </reporter-output>
        </test-method> <!-- teardown -->
      </class> <!-- com.GCodes.TestCases.TC_Wallet_003 -->
    </test> <!-- Test -->
  </suite> <!-- Suite -->
</testng-results>
